<?xml version="1.0" encoding="UTF-8"?>
<!-- Generated by org.testng.reporters.JUnitReportReporter -->
<testsuite skipped="0" hostname="DESKTOP-0TU0947" name="com.bank.testsuite.BankTest" tests="5" failures="0" timestamp="2023-07-15T21:29:46 EDT" time="64.129" errors="0">
  <testcase name="bankManagerShouldAddCustomerSuccessfully" time="11.275" classname="com.bank.testsuite.BankTest"/>
  <system-out/>
  <testcase name="customerShouldDepositMoneySuccessfully" time="14.784" classname="com.bank.testsuite.BankTest"/>
  <system-out/>
  <testcase name="customerShouldLoginAndLogoutSuccessfully" time="12.396" classname="com.bank.testsuite.BankTest"/>
  <system-out/>
  <testcase name="bankManagerShouldOpenAccountSuccessfully" time="13.145" classname="com.bank.testsuite.BankTest"/>
  <system-out/>
  <testcase name="customerShouldWithdrawMoneySuccessfully" time="12.529" classname="com.bank.testsuite.BankTest"/>
  <system-out/>
</testsuite> <!-- com.bank.testsuite.BankTest -->
